action: GLOB, msg: packaging
cwd: C:\Users\swright\Documents\GitHub\django-vertical-multi-columns
cmd: 'c:\users\swright\appdata\local\programs\python\python39\python.exe' setup.py sdist --formats=zip --dist-dir '.tox\dist'
running sdist
running egg_info
writing django_vertical_multi_columns.egg-info\PKG-INFO
writing dependency_links to django_vertical_multi_columns.egg-info\dependency_links.txt
writing requirements to django_vertical_multi_columns.egg-info\requires.txt
writing top-level names to django_vertical_multi_columns.egg-info\top_level.txt
reading manifest file 'django_vertical_multi_columns.egg-info\SOURCES.txt'
reading manifest template 'MANIFEST.in'
warning: no files found matching '*' under directory 'docs'
writing manifest file 'django_vertical_multi_columns.egg-info\SOURCES.txt'
running check
warning: check: missing meta-data: either (author and author_email) or (maintainer and maintainer_email) should be supplied

creating django-vertical-multi-columns-1.0.0
creating django-vertical-multi-columns-1.0.0\django_vertical_multi_columns.egg-info
copying files to django-vertical-multi-columns-1.0.0...
copying LICENSE -> django-vertical-multi-columns-1.0.0
copying MANIFEST.in -> django-vertical-multi-columns-1.0.0
copying README.rst -> django-vertical-multi-columns-1.0.0
copying pyproject.toml -> django-vertical-multi-columns-1.0.0
copying setup.cfg -> django-vertical-multi-columns-1.0.0
copying setup.py -> django-vertical-multi-columns-1.0.0
copying django_vertical_multi_columns.egg-info\PKG-INFO -> django-vertical-multi-columns-1.0.0\django_vertical_multi_columns.egg-info
copying django_vertical_multi_columns.egg-info\SOURCES.txt -> django-vertical-multi-columns-1.0.0\django_vertical_multi_columns.egg-info
copying django_vertical_multi_columns.egg-info\dependency_links.txt -> django-vertical-multi-columns-1.0.0\django_vertical_multi_columns.egg-info
copying django_vertical_multi_columns.egg-info\requires.txt -> django-vertical-multi-columns-1.0.0\django_vertical_multi_columns.egg-info
copying django_vertical_multi_columns.egg-info\top_level.txt -> django-vertical-multi-columns-1.0.0\django_vertical_multi_columns.egg-info
Writing django-vertical-multi-columns-1.0.0\setup.cfg
creating '.tox\dist\django-vertical-multi-columns-1.0.0.zip' and adding 'django-vertical-multi-columns-1.0.0' to it
adding 'django-vertical-multi-columns-1.0.0'
adding 'django-vertical-multi-columns-1.0.0\django_vertical_multi_columns.egg-info'
adding 'django-vertical-multi-columns-1.0.0\LICENSE'
adding 'django-vertical-multi-columns-1.0.0\MANIFEST.in'
adding 'django-vertical-multi-columns-1.0.0\PKG-INFO'
adding 'django-vertical-multi-columns-1.0.0\pyproject.toml'
adding 'django-vertical-multi-columns-1.0.0\README.rst'
adding 'django-vertical-multi-columns-1.0.0\setup.cfg'
adding 'django-vertical-multi-columns-1.0.0\setup.py'
adding 'django-vertical-multi-columns-1.0.0\django_vertical_multi_columns.egg-info\dependency_links.txt'
adding 'django-vertical-multi-columns-1.0.0\django_vertical_multi_columns.egg-info\PKG-INFO'
adding 'django-vertical-multi-columns-1.0.0\django_vertical_multi_columns.egg-info\requires.txt'
adding 'django-vertical-multi-columns-1.0.0\django_vertical_multi_columns.egg-info\SOURCES.txt'
adding 'django-vertical-multi-columns-1.0.0\django_vertical_multi_columns.egg-info\top_level.txt'
removing 'django-vertical-multi-columns-1.0.0' (and everything under it)
